{"/home/Sarah/Desktop/flutter/flutter project/Backend/index.js": {"path":"/home/Sarah/Desktop/flutter/flutter project/Backend/index.js","statementMap":{"0":{"start":{"line":1,"column":16},"end":{"line":1,"column":34}},"1":{"start":{"line":2,"column":16},"end":{"line":2,"column":34}},"2":{"start":{"line":3,"column":12},"end":{"line":3,"column":21}},"3":{"start":{"line":5,"column":0},"end":{"line":5,"column":31}},"4":{"start":{"line":6,"column":0},"end":{"line":6,"column":33}},"5":{"start":{"line":7,"column":0},"end":{"line":7,"column":26}},"6":{"start":{"line":8,"column":0},"end":{"line":8,"column":30}},"7":{"start":{"line":9,"column":0},"end":{"line":9,"column":34}},"8":{"start":{"line":10,"column":25},"end":{"line":14,"column":1}},"9":{"start":{"line":15,"column":15},"end":{"line":15,"column":53}},"10":{"start":{"line":22,"column":11},"end":{"line":22,"column":35}},"11":{"start":{"line":24,"column":15},"end":{"line":24,"column":82}},"12":{"start":{"line":24,"column":38},"end":{"line":24,"column":81}},"13":{"start":{"line":28,"column":0},"end":{"line":28,"column":24}}},"fnMap":{"0":{"name":"(anonymous_0)","decl":{"start":{"line":24,"column":32},"end":{"line":24,"column":33}},"loc":{"start":{"line":24,"column":38},"end":{"line":24,"column":81}},"line":24}},"branchMap":{"0":{"loc":{"start":{"line":22,"column":11},"end":{"line":22,"column":35}},"type":"binary-expr","locations":[{"start":{"line":22,"column":11},"end":{"line":22,"column":27}},{"start":{"line":22,"column":31},"end":{"line":22,"column":35}}],"line":22}},"s":{"0":3,"1":3,"2":3,"3":3,"4":3,"5":3,"6":3,"7":3,"8":3,"9":3,"10":3,"11":3,"12":3,"13":3},"f":{"0":3},"b":{"0":[3,3]},"_coverageSchema":"1a1c01bbd47fc00a2c39e90264f33305004495a9","hash":"09d99f7e0d3bd8fa7dafbb5a6659b775b1cc00af"}
,"/home/Sarah/Desktop/flutter/flutter project/Backend/middleware/authorization.js": {"path":"/home/Sarah/Desktop/flutter/flutter project/Backend/middleware/authorization.js","statementMap":{"0":{"start":{"line":1,"column":12},"end":{"line":1,"column":35}},"1":{"start":{"line":2,"column":15},"end":{"line":2,"column":32}},"2":{"start":{"line":4,"column":0},"end":{"line":16,"column":1}},"3":{"start":{"line":5,"column":16},"end":{"line":5,"column":42}},"4":{"start":{"line":6,"column":2},"end":{"line":6,"column":79}},"5":{"start":{"line":6,"column":14},"end":{"line":6,"column":79}},"6":{"start":{"line":8,"column":2},"end":{"line":15,"column":3}},"7":{"start":{"line":9,"column":20},"end":{"line":9,"column":66}},"8":{"start":{"line":10,"column":4},"end":{"line":10,"column":23}},"9":{"start":{"line":11,"column":4},"end":{"line":11,"column":11}},"10":{"start":{"line":14,"column":4},"end":{"line":14,"column":43}}},"fnMap":{"0":{"name":"(anonymous_0)","decl":{"start":{"line":4,"column":17},"end":{"line":4,"column":18}},"loc":{"start":{"line":4,"column":43},"end":{"line":16,"column":1}},"line":4}},"branchMap":{"0":{"loc":{"start":{"line":6,"column":2},"end":{"line":6,"column":79}},"type":"if","locations":[{"start":{"line":6,"column":2},"end":{"line":6,"column":79}},{"start":{},"end":{}}],"line":6}},"s":{"0":4,"1":4,"2":4,"3":21,"4":21,"5":4,"6":17,"7":17,"8":15,"9":15,"10":2},"f":{"0":21},"b":{"0":[4,17]},"_coverageSchema":"1a1c01bbd47fc00a2c39e90264f33305004495a9","hash":"b0d513fb6fbca0f9d90c446990653e00f2b022f8"}
,"/home/Sarah/Desktop/flutter/flutter project/Backend/middleware/error.js": {"path":"/home/Sarah/Desktop/flutter/flutter project/Backend/middleware/error.js","statementMap":{"0":{"start":{"line":1,"column":16},"end":{"line":1,"column":34}},"1":{"start":{"line":3,"column":0},"end":{"line":14,"column":4}},"2":{"start":{"line":5,"column":4},"end":{"line":5,"column":36}},"3":{"start":{"line":13,"column":4},"end":{"line":13,"column":46}}},"fnMap":{"0":{"name":"(anonymous_0)","decl":{"start":{"line":3,"column":17},"end":{"line":3,"column":18}},"loc":{"start":{"line":3,"column":45},"end":{"line":14,"column":3}},"line":3}},"branchMap":{},"s":{"0":3,"1":3,"2":0,"3":0},"f":{"0":0},"b":{},"_coverageSchema":"1a1c01bbd47fc00a2c39e90264f33305004495a9","hash":"752b04c8e5d7f100c6257b10258653ea00d59c08"}
,"/home/Sarah/Desktop/flutter/flutter project/Backend/middleware/validateObjectId.js": {"path":"/home/Sarah/Desktop/flutter/flutter project/Backend/middleware/validateObjectId.js","statementMap":{"0":{"start":{"line":1,"column":17},"end":{"line":1,"column":36}},"1":{"start":{"line":3,"column":0},"end":{"line":7,"column":1}},"2":{"start":{"line":4,"column":4},"end":{"line":5,"column":65}},"3":{"start":{"line":5,"column":8},"end":{"line":5,"column":65}},"4":{"start":{"line":6,"column":4},"end":{"line":6,"column":11}}},"fnMap":{"0":{"name":"(anonymous_0)","decl":{"start":{"line":3,"column":17},"end":{"line":3,"column":18}},"loc":{"start":{"line":3,"column":41},"end":{"line":7,"column":1}},"line":3}},"branchMap":{"0":{"loc":{"start":{"line":4,"column":4},"end":{"line":5,"column":65}},"type":"if","locations":[{"start":{"line":4,"column":4},"end":{"line":5,"column":65}},{"start":{},"end":{}}],"line":4}},"s":{"0":3,"1":3,"2":6,"3":1,"4":5},"f":{"0":6},"b":{"0":[1,5]},"_coverageSchema":"1a1c01bbd47fc00a2c39e90264f33305004495a9","hash":"697dda4d07972cb4ad2519c93b75691a36a6d6de"}
,"/home/Sarah/Desktop/flutter/flutter project/Backend/models/answer_model.js": {"path":"/home/Sarah/Desktop/flutter/flutter project/Backend/models/answer_model.js","statementMap":{"0":{"start":{"line":1,"column":17},"end":{"line":1,"column":36}},"1":{"start":{"line":2,"column":12},"end":{"line":2,"column":26}},"2":{"start":{"line":5,"column":21},"end":{"line":28,"column":4}},"3":{"start":{"line":30,"column":15},"end":{"line":30,"column":53}},"4":{"start":{"line":33,"column":20},"end":{"line":35,"column":6}},"5":{"start":{"line":36,"column":4},"end":{"line":36,"column":35}},"6":{"start":{"line":39,"column":0},"end":{"line":39,"column":24}},"7":{"start":{"line":40,"column":0},"end":{"line":40,"column":40}}},"fnMap":{"0":{"name":"validateAnswer","decl":{"start":{"line":32,"column":9},"end":{"line":32,"column":23}},"loc":{"start":{"line":32,"column":31},"end":{"line":37,"column":1}},"line":32}},"branchMap":{},"s":{"0":3,"1":3,"2":3,"3":3,"4":0,"5":0,"6":3,"7":3},"f":{"0":0},"b":{},"_coverageSchema":"1a1c01bbd47fc00a2c39e90264f33305004495a9","hash":"c89d6217dd094b6a400c17da6ad9d7c393680687"}
,"/home/Sarah/Desktop/flutter/flutter project/Backend/models/question_model.js": {"path":"/home/Sarah/Desktop/flutter/flutter project/Backend/models/question_model.js","statementMap":{"0":{"start":{"line":1,"column":17},"end":{"line":1,"column":36}},"1":{"start":{"line":2,"column":12},"end":{"line":2,"column":26}},"2":{"start":{"line":5,"column":23},"end":{"line":37,"column":4}},"3":{"start":{"line":39,"column":17},"end":{"line":39,"column":59}},"4":{"start":{"line":42,"column":20},"end":{"line":46,"column":6}},"5":{"start":{"line":47,"column":4},"end":{"line":47,"column":37}},"6":{"start":{"line":50,"column":0},"end":{"line":50,"column":28}},"7":{"start":{"line":51,"column":0},"end":{"line":51,"column":44}}},"fnMap":{"0":{"name":"validateQuestion","decl":{"start":{"line":41,"column":9},"end":{"line":41,"column":25}},"loc":{"start":{"line":41,"column":35},"end":{"line":48,"column":1}},"line":41}},"branchMap":{},"s":{"0":3,"1":3,"2":3,"3":3,"4":7,"5":7,"6":3,"7":3},"f":{"0":7},"b":{},"_coverageSchema":"1a1c01bbd47fc00a2c39e90264f33305004495a9","hash":"02f20a2275caea0f359c8d5aae2a3fe60401b810"}
,"/home/Sarah/Desktop/flutter/flutter project/Backend/models/user_model.js": {"path":"/home/Sarah/Desktop/flutter/flutter project/Backend/models/user_model.js","statementMap":{"0":{"start":{"line":1,"column":17},"end":{"line":1,"column":36}},"1":{"start":{"line":2,"column":12},"end":{"line":2,"column":26}},"2":{"start":{"line":4,"column":15},"end":{"line":4,"column":32}},"3":{"start":{"line":5,"column":12},"end":{"line":5,"column":35}},"4":{"start":{"line":7,"column":19},"end":{"line":30,"column":4}},"5":{"start":{"line":32,"column":0},"end":{"line":35,"column":3}},"6":{"start":{"line":33,"column":18},"end":{"line":33,"column":97}},"7":{"start":{"line":34,"column":4},"end":{"line":34,"column":17}},"8":{"start":{"line":38,"column":13},"end":{"line":38,"column":47}},"9":{"start":{"line":41,"column":20},"end":{"line":45,"column":6}},"10":{"start":{"line":46,"column":4},"end":{"line":46,"column":33}},"11":{"start":{"line":49,"column":20},"end":{"line":52,"column":6}},"12":{"start":{"line":53,"column":4},"end":{"line":53,"column":33}},"13":{"start":{"line":56,"column":0},"end":{"line":56,"column":20}},"14":{"start":{"line":57,"column":0},"end":{"line":57,"column":52}},"15":{"start":{"line":58,"column":0},"end":{"line":58,"column":50}}},"fnMap":{"0":{"name":"(anonymous_0)","decl":{"start":{"line":32,"column":39},"end":{"line":32,"column":40}},"loc":{"start":{"line":32,"column":50},"end":{"line":35,"column":3}},"line":32},"1":{"name":"validateUserRegister","decl":{"start":{"line":40,"column":9},"end":{"line":40,"column":29}},"loc":{"start":{"line":40,"column":35},"end":{"line":47,"column":1}},"line":40},"2":{"name":"validateUserLogging","decl":{"start":{"line":48,"column":9},"end":{"line":48,"column":28}},"loc":{"start":{"line":48,"column":34},"end":{"line":54,"column":1}},"line":48}},"branchMap":{},"s":{"0":5,"1":5,"2":5,"3":5,"4":5,"5":5,"6":30,"7":30,"8":5,"9":6,"10":6,"11":6,"12":6,"13":5,"14":5,"15":5},"f":{"0":30,"1":6,"2":6},"b":{},"_coverageSchema":"1a1c01bbd47fc00a2c39e90264f33305004495a9","hash":"b47641352ac691f3b42b4dbc76c799f5055caf4d"}
,"/home/Sarah/Desktop/flutter/flutter project/Backend/routes/answer_route.js": {"path":"/home/Sarah/Desktop/flutter/flutter project/Backend/routes/answer_route.js","statementMap":{"0":{"start":{"line":1,"column":16},"end":{"line":1,"column":34}},"1":{"start":{"line":2,"column":15},"end":{"line":2,"column":31}},"2":{"start":{"line":4,"column":19},"end":{"line":4,"column":54}},"3":{"start":{"line":5,"column":15},"end":{"line":5,"column":46}},"4":{"start":{"line":6,"column":33},"end":{"line":6,"column":66}},"5":{"start":{"line":8,"column":21},"end":{"line":8,"column":59}},"6":{"start":{"line":9,"column":17},"end":{"line":9,"column":51}},"7":{"start":{"line":10,"column":10},"end":{"line":10,"column":27}},"8":{"start":{"line":12,"column":0},"end":{"line":25,"column":3}},"9":{"start":{"line":13,"column":4},"end":{"line":13,"column":97}},"10":{"start":{"line":13,"column":40},"end":{"line":13,"column":97}},"11":{"start":{"line":15,"column":21},"end":{"line":15,"column":59}},"12":{"start":{"line":16,"column":4},"end":{"line":16,"column":96}},"13":{"start":{"line":16,"column":19},"end":{"line":16,"column":96}},"14":{"start":{"line":18,"column":18},"end":{"line":18,"column":20}},"15":{"start":{"line":19,"column":4},"end":{"line":23,"column":5}},"16":{"start":{"line":19,"column":14},"end":{"line":19,"column":15}},"17":{"start":{"line":20,"column":25},"end":{"line":20,"column":44}},"18":{"start":{"line":21,"column":23},"end":{"line":21,"column":110}},"19":{"start":{"line":22,"column":8},"end":{"line":22,"column":29}},"20":{"start":{"line":24,"column":4},"end":{"line":24,"column":22}},"21":{"start":{"line":27,"column":0},"end":{"line":53,"column":3}},"22":{"start":{"line":28,"column":4},"end":{"line":28,"column":97}},"23":{"start":{"line":28,"column":40},"end":{"line":28,"column":97}},"24":{"start":{"line":30,"column":19},"end":{"line":30,"column":57}},"25":{"start":{"line":31,"column":4},"end":{"line":31,"column":96}},"26":{"start":{"line":31,"column":19},"end":{"line":31,"column":96}},"27":{"start":{"line":33,"column":20},"end":{"line":33,"column":44}},"28":{"start":{"line":34,"column":4},"end":{"line":39,"column":5}},"29":{"start":{"line":35,"column":21},"end":{"line":37,"column":9}},"30":{"start":{"line":38,"column":8},"end":{"line":38,"column":45}},"31":{"start":{"line":41,"column":19},"end":{"line":45,"column":6}},"32":{"start":{"line":46,"column":19},"end":{"line":46,"column":38}},"33":{"start":{"line":48,"column":4},"end":{"line":48,"column":38}},"34":{"start":{"line":49,"column":4},"end":{"line":49,"column":39}},"35":{"start":{"line":51,"column":4},"end":{"line":51,"column":21}},"36":{"start":{"line":55,"column":0},"end":{"line":84,"column":3}},"37":{"start":{"line":56,"column":4},"end":{"line":56,"column":97}},"38":{"start":{"line":56,"column":40},"end":{"line":56,"column":97}},"39":{"start":{"line":58,"column":20},"end":{"line":58,"column":46}},"40":{"start":{"line":59,"column":4},"end":{"line":64,"column":5}},"41":{"start":{"line":60,"column":21},"end":{"line":62,"column":9}},"42":{"start":{"line":63,"column":8},"end":{"line":63,"column":45}},"43":{"start":{"line":66,"column":19},"end":{"line":66,"column":57}},"44":{"start":{"line":68,"column":4},"end":{"line":68,"column":96}},"45":{"start":{"line":68,"column":19},"end":{"line":68,"column":96}},"46":{"start":{"line":70,"column":4},"end":{"line":80,"column":5}},"47":{"start":{"line":71,"column":8},"end":{"line":71,"column":40}},"48":{"start":{"line":72,"column":8},"end":{"line":72,"column":52}},"49":{"start":{"line":73,"column":8},"end":{"line":73,"column":38}},"50":{"start":{"line":75,"column":8},"end":{"line":75,"column":43}},"51":{"start":{"line":76,"column":8},"end":{"line":76,"column":34}},"52":{"start":{"line":79,"column":8},"end":{"line":79,"column":75}},"53":{"start":{"line":82,"column":4},"end":{"line":82,"column":23}},"54":{"start":{"line":85,"column":0},"end":{"line":108,"column":3}},"55":{"start":{"line":86,"column":4},"end":{"line":86,"column":113}},"56":{"start":{"line":86,"column":48},"end":{"line":86,"column":113}},"57":{"start":{"line":87,"column":4},"end":{"line":87,"column":110}},"58":{"start":{"line":87,"column":46},"end":{"line":87,"column":110}},"59":{"start":{"line":89,"column":19},"end":{"line":89,"column":65}},"60":{"start":{"line":90,"column":4},"end":{"line":90,"column":96}},"61":{"start":{"line":90,"column":19},"end":{"line":90,"column":96}},"62":{"start":{"line":92,"column":17},"end":{"line":92,"column":59}},"63":{"start":{"line":93,"column":4},"end":{"line":93,"column":92}},"64":{"start":{"line":93,"column":17},"end":{"line":93,"column":92}},"65":{"start":{"line":95,"column":4},"end":{"line":107,"column":5}},"66":{"start":{"line":96,"column":22},"end":{"line":96,"column":58}},"67":{"start":{"line":97,"column":8},"end":{"line":99,"column":9}},"68":{"start":{"line":98,"column":12},"end":{"line":98,"column":46}},"69":{"start":{"line":100,"column":8},"end":{"line":100,"column":43}},"70":{"start":{"line":102,"column":8},"end":{"line":102,"column":39}},"71":{"start":{"line":103,"column":8},"end":{"line":103,"column":56}},"72":{"start":{"line":106,"column":8},"end":{"line":106,"column":73}},"73":{"start":{"line":111,"column":4},"end":{"line":115,"column":5}},"74":{"start":{"line":112,"column":8},"end":{"line":113,"column":24}},"75":{"start":{"line":113,"column":12},"end":{"line":113,"column":24}},"76":{"start":{"line":114,"column":8},"end":{"line":114,"column":21}},"77":{"start":{"line":116,"column":4},"end":{"line":116,"column":17}},"78":{"start":{"line":120,"column":0},"end":{"line":120,"column":24}}},"fnMap":{"0":{"name":"(anonymous_0)","decl":{"start":{"line":12,"column":19},"end":{"line":12,"column":20}},"loc":{"start":{"line":12,"column":37},"end":{"line":25,"column":1}},"line":12},"1":{"name":"(anonymous_1)","decl":{"start":{"line":27,"column":37},"end":{"line":27,"column":38}},"loc":{"start":{"line":27,"column":55},"end":{"line":53,"column":1}},"line":27},"2":{"name":"(anonymous_2)","decl":{"start":{"line":55,"column":37},"end":{"line":55,"column":38}},"loc":{"start":{"line":55,"column":55},"end":{"line":84,"column":1}},"line":55},"3":{"name":"(anonymous_3)","decl":{"start":{"line":85,"column":60},"end":{"line":85,"column":61}},"loc":{"start":{"line":85,"column":78},"end":{"line":108,"column":1}},"line":85},"4":{"name":"isValidObjectId","decl":{"start":{"line":110,"column":9},"end":{"line":110,"column":24}},"loc":{"start":{"line":110,"column":28},"end":{"line":117,"column":1}},"line":110}},"branchMap":{"0":{"loc":{"start":{"line":13,"column":4},"end":{"line":13,"column":97}},"type":"if","locations":[{"start":{"line":13,"column":4},"end":{"line":13,"column":97}},{"start":{},"end":{}}],"line":13},"1":{"loc":{"start":{"line":16,"column":4},"end":{"line":16,"column":96}},"type":"if","locations":[{"start":{"line":16,"column":4},"end":{"line":16,"column":96}},{"start":{},"end":{}}],"line":16},"2":{"loc":{"start":{"line":28,"column":4},"end":{"line":28,"column":97}},"type":"if","locations":[{"start":{"line":28,"column":4},"end":{"line":28,"column":97}},{"start":{},"end":{}}],"line":28},"3":{"loc":{"start":{"line":31,"column":4},"end":{"line":31,"column":96}},"type":"if","locations":[{"start":{"line":31,"column":4},"end":{"line":31,"column":96}},{"start":{},"end":{}}],"line":31},"4":{"loc":{"start":{"line":34,"column":4},"end":{"line":39,"column":5}},"type":"if","locations":[{"start":{"line":34,"column":4},"end":{"line":39,"column":5}},{"start":{},"end":{}}],"line":34},"5":{"loc":{"start":{"line":56,"column":4},"end":{"line":56,"column":97}},"type":"if","locations":[{"start":{"line":56,"column":4},"end":{"line":56,"column":97}},{"start":{},"end":{}}],"line":56},"6":{"loc":{"start":{"line":59,"column":4},"end":{"line":64,"column":5}},"type":"if","locations":[{"start":{"line":59,"column":4},"end":{"line":64,"column":5}},{"start":{},"end":{}}],"line":59},"7":{"loc":{"start":{"line":68,"column":4},"end":{"line":68,"column":96}},"type":"if","locations":[{"start":{"line":68,"column":4},"end":{"line":68,"column":96}},{"start":{},"end":{}}],"line":68},"8":{"loc":{"start":{"line":70,"column":4},"end":{"line":80,"column":5}},"type":"if","locations":[{"start":{"line":70,"column":4},"end":{"line":80,"column":5}},{"start":{"line":78,"column":8},"end":{"line":80,"column":5}}],"line":70},"9":{"loc":{"start":{"line":86,"column":4},"end":{"line":86,"column":113}},"type":"if","locations":[{"start":{"line":86,"column":4},"end":{"line":86,"column":113}},{"start":{},"end":{}}],"line":86},"10":{"loc":{"start":{"line":87,"column":4},"end":{"line":87,"column":110}},"type":"if","locations":[{"start":{"line":87,"column":4},"end":{"line":87,"column":110}},{"start":{},"end":{}}],"line":87},"11":{"loc":{"start":{"line":90,"column":4},"end":{"line":90,"column":96}},"type":"if","locations":[{"start":{"line":90,"column":4},"end":{"line":90,"column":96}},{"start":{},"end":{}}],"line":90},"12":{"loc":{"start":{"line":93,"column":4},"end":{"line":93,"column":92}},"type":"if","locations":[{"start":{"line":93,"column":4},"end":{"line":93,"column":92}},{"start":{},"end":{}}],"line":93},"13":{"loc":{"start":{"line":95,"column":4},"end":{"line":107,"column":5}},"type":"if","locations":[{"start":{"line":95,"column":4},"end":{"line":107,"column":5}},{"start":{"line":105,"column":8},"end":{"line":107,"column":5}}],"line":95},"14":{"loc":{"start":{"line":97,"column":8},"end":{"line":99,"column":9}},"type":"if","locations":[{"start":{"line":97,"column":8},"end":{"line":99,"column":9}},{"start":{},"end":{}}],"line":97},"15":{"loc":{"start":{"line":111,"column":4},"end":{"line":115,"column":5}},"type":"if","locations":[{"start":{"line":111,"column":4},"end":{"line":115,"column":5}},{"start":{},"end":{}}],"line":111},"16":{"loc":{"start":{"line":112,"column":8},"end":{"line":113,"column":24}},"type":"if","locations":[{"start":{"line":112,"column":8},"end":{"line":113,"column":24}},{"start":{},"end":{}}],"line":112}},"s":{"0":3,"1":3,"2":3,"3":3,"4":3,"5":3,"6":3,"7":3,"8":3,"9":0,"10":0,"11":0,"12":0,"13":0,"14":0,"15":0,"16":0,"17":0,"18":0,"19":0,"20":0,"21":3,"22":0,"23":0,"24":0,"25":0,"26":0,"27":0,"28":0,"29":0,"30":0,"31":0,"32":0,"33":0,"34":0,"35":0,"36":3,"37":0,"38":0,"39":0,"40":0,"41":0,"42":0,"43":0,"44":0,"45":0,"46":0,"47":0,"48":0,"49":0,"50":0,"51":0,"52":0,"53":0,"54":3,"55":0,"56":0,"57":0,"58":0,"59":0,"60":0,"61":0,"62":0,"63":0,"64":0,"65":0,"66":0,"67":0,"68":0,"69":0,"70":0,"71":0,"72":0,"73":0,"74":0,"75":0,"76":0,"77":0,"78":3},"f":{"0":0,"1":0,"2":0,"3":0,"4":0},"b":{"0":[0,0],"1":[0,0],"2":[0,0],"3":[0,0],"4":[0,0],"5":[0,0],"6":[0,0],"7":[0,0],"8":[0,0],"9":[0,0],"10":[0,0],"11":[0,0],"12":[0,0],"13":[0,0],"14":[0,0],"15":[0,0],"16":[0,0]},"_coverageSchema":"1a1c01bbd47fc00a2c39e90264f33305004495a9","hash":"1477207c6a483ff340eb578b069af99034a7ed14"}
,"/home/Sarah/Desktop/flutter/flutter project/Backend/routes/question_route.js": {"path":"/home/Sarah/Desktop/flutter/flutter project/Backend/routes/question_route.js","statementMap":{"0":{"start":{"line":1,"column":16},"end":{"line":1,"column":34}},"1":{"start":{"line":2,"column":15},"end":{"line":2,"column":31}},"2":{"start":{"line":3,"column":37},"end":{"line":3,"column":72}},"3":{"start":{"line":4,"column":15},"end":{"line":4,"column":46}},"4":{"start":{"line":5,"column":21},"end":{"line":5,"column":59}},"5":{"start":{"line":6,"column":17},"end":{"line":6,"column":51}},"6":{"start":{"line":7,"column":26},"end":{"line":7,"column":67}},"7":{"start":{"line":9,"column":10},"end":{"line":9,"column":27}},"8":{"start":{"line":10,"column":19},"end":{"line":10,"column":49}},"9":{"start":{"line":12,"column":0},"end":{"line":15,"column":3}},"10":{"start":{"line":13,"column":22},"end":{"line":13,"column":63}},"11":{"start":{"line":14,"column":4},"end":{"line":14,"column":24}},"12":{"start":{"line":17,"column":0},"end":{"line":38,"column":3}},"13":{"start":{"line":18,"column":20},"end":{"line":18,"column":46}},"14":{"start":{"line":20,"column":4},"end":{"line":25,"column":5}},"15":{"start":{"line":21,"column":22},"end":{"line":23,"column":9}},"16":{"start":{"line":24,"column":8},"end":{"line":24,"column":45}},"17":{"start":{"line":27,"column":21},"end":{"line":32,"column":6}},"18":{"start":{"line":34,"column":19},"end":{"line":34,"column":40}},"19":{"start":{"line":36,"column":4},"end":{"line":36,"column":21}},"20":{"start":{"line":40,"column":0},"end":{"line":66,"column":3}},"21":{"start":{"line":42,"column":20},"end":{"line":42,"column":46}},"22":{"start":{"line":43,"column":4},"end":{"line":48,"column":5}},"23":{"start":{"line":44,"column":21},"end":{"line":46,"column":9}},"24":{"start":{"line":47,"column":8},"end":{"line":47,"column":45}},"25":{"start":{"line":50,"column":19},"end":{"line":50,"column":57}},"26":{"start":{"line":51,"column":4},"end":{"line":51,"column":96}},"27":{"start":{"line":51,"column":19},"end":{"line":51,"column":96}},"28":{"start":{"line":53,"column":4},"end":{"line":63,"column":5}},"29":{"start":{"line":54,"column":8},"end":{"line":54,"column":40}},"30":{"start":{"line":55,"column":8},"end":{"line":55,"column":52}},"31":{"start":{"line":56,"column":8},"end":{"line":56,"column":38}},"32":{"start":{"line":58,"column":8},"end":{"line":58,"column":43}},"33":{"start":{"line":59,"column":8},"end":{"line":59,"column":34}},"34":{"start":{"line":62,"column":8},"end":{"line":62,"column":75}},"35":{"start":{"line":65,"column":4},"end":{"line":65,"column":23}},"36":{"start":{"line":68,"column":0},"end":{"line":81,"column":3}},"37":{"start":{"line":70,"column":21},"end":{"line":70,"column":59}},"38":{"start":{"line":72,"column":4},"end":{"line":72,"column":99}},"39":{"start":{"line":72,"column":19},"end":{"line":72,"column":99}},"40":{"start":{"line":74,"column":4},"end":{"line":80,"column":5}},"41":{"start":{"line":75,"column":8},"end":{"line":75,"column":43}},"42":{"start":{"line":76,"column":8},"end":{"line":76,"column":58}},"43":{"start":{"line":79,"column":8},"end":{"line":79,"column":75}},"44":{"start":{"line":84,"column":0},"end":{"line":84,"column":24}}},"fnMap":{"0":{"name":"(anonymous_0)","decl":{"start":{"line":12,"column":16},"end":{"line":12,"column":17}},"loc":{"start":{"line":12,"column":34},"end":{"line":15,"column":1}},"line":12},"1":{"name":"(anonymous_1)","decl":{"start":{"line":17,"column":33},"end":{"line":17,"column":34}},"loc":{"start":{"line":17,"column":51},"end":{"line":38,"column":1}},"line":17},"2":{"name":"(anonymous_2)","decl":{"start":{"line":40,"column":55},"end":{"line":40,"column":56}},"loc":{"start":{"line":40,"column":73},"end":{"line":66,"column":1}},"line":40},"3":{"name":"(anonymous_3)","decl":{"start":{"line":68,"column":60},"end":{"line":68,"column":61}},"loc":{"start":{"line":68,"column":78},"end":{"line":81,"column":1}},"line":68}},"branchMap":{"0":{"loc":{"start":{"line":20,"column":4},"end":{"line":25,"column":5}},"type":"if","locations":[{"start":{"line":20,"column":4},"end":{"line":25,"column":5}},{"start":{},"end":{}}],"line":20},"1":{"loc":{"start":{"line":43,"column":4},"end":{"line":48,"column":5}},"type":"if","locations":[{"start":{"line":43,"column":4},"end":{"line":48,"column":5}},{"start":{},"end":{}}],"line":43},"2":{"loc":{"start":{"line":51,"column":4},"end":{"line":51,"column":96}},"type":"if","locations":[{"start":{"line":51,"column":4},"end":{"line":51,"column":96}},{"start":{},"end":{}}],"line":51},"3":{"loc":{"start":{"line":53,"column":4},"end":{"line":63,"column":5}},"type":"if","locations":[{"start":{"line":53,"column":4},"end":{"line":63,"column":5}},{"start":{"line":61,"column":8},"end":{"line":63,"column":5}}],"line":53},"4":{"loc":{"start":{"line":72,"column":4},"end":{"line":72,"column":99}},"type":"if","locations":[{"start":{"line":72,"column":4},"end":{"line":72,"column":99}},{"start":{},"end":{}}],"line":72},"5":{"loc":{"start":{"line":74,"column":4},"end":{"line":80,"column":5}},"type":"if","locations":[{"start":{"line":74,"column":4},"end":{"line":80,"column":5}},{"start":{"line":78,"column":8},"end":{"line":80,"column":5}}],"line":74},"6":{"loc":{"start":{"line":74,"column":7},"end":{"line":74,"column":58}},"type":"binary-expr","locations":[{"start":{"line":74,"column":7},"end":{"line":74,"column":38}},{"start":{"line":74,"column":42},"end":{"line":74,"column":58}}],"line":74}},"s":{"0":3,"1":3,"2":3,"3":3,"4":3,"5":3,"6":3,"7":3,"8":3,"9":3,"10":1,"11":1,"12":3,"13":7,"14":7,"15":4,"16":4,"17":3,"18":3,"19":3,"20":3,"21":0,"22":0,"23":0,"24":0,"25":0,"26":0,"27":0,"28":0,"29":0,"30":0,"31":0,"32":0,"33":0,"34":0,"35":0,"36":3,"37":4,"38":4,"39":1,"40":3,"41":2,"42":2,"43":1,"44":3},"f":{"0":1,"1":7,"2":0,"3":4},"b":{"0":[4,3],"1":[0,0],"2":[0,0],"3":[0,0],"4":[1,3],"5":[2,1],"6":[3,2]},"_coverageSchema":"1a1c01bbd47fc00a2c39e90264f33305004495a9","hash":"c1b59d1dbb6830fae8f46ec8224681ba9d5808d1"}
,"/home/Sarah/Desktop/flutter/flutter project/Backend/routes/user_route.js": {"path":"/home/Sarah/Desktop/flutter/flutter project/Backend/routes/user_route.js","statementMap":{"0":{"start":{"line":1,"column":16},"end":{"line":1,"column":34}},"1":{"start":{"line":2,"column":15},"end":{"line":2,"column":31}},"2":{"start":{"line":3,"column":58},"end":{"line":3,"column":89}},"3":{"start":{"line":4,"column":10},"end":{"line":4,"column":27}},"4":{"start":{"line":5,"column":15},"end":{"line":5,"column":32}},"5":{"start":{"line":6,"column":15},"end":{"line":6,"column":32}},"6":{"start":{"line":7,"column":12},"end":{"line":7,"column":35}},"7":{"start":{"line":8,"column":18},"end":{"line":8,"column":56}},"8":{"start":{"line":11,"column":0},"end":{"line":14,"column":3}},"9":{"start":{"line":12,"column":18},"end":{"line":12,"column":60}},"10":{"start":{"line":13,"column":4},"end":{"line":13,"column":20}},"11":{"start":{"line":16,"column":0},"end":{"line":37,"column":3}},"12":{"start":{"line":17,"column":20},"end":{"line":17,"column":50}},"13":{"start":{"line":18,"column":4},"end":{"line":18,"column":69}},"14":{"start":{"line":18,"column":15},"end":{"line":18,"column":69}},"15":{"start":{"line":20,"column":15},"end":{"line":20,"column":58}},"16":{"start":{"line":21,"column":4},"end":{"line":26,"column":5}},"17":{"start":{"line":22,"column":22},"end":{"line":24,"column":9}},"18":{"start":{"line":25,"column":8},"end":{"line":25,"column":45}},"19":{"start":{"line":28,"column":4},"end":{"line":28,"column":69}},"20":{"start":{"line":30,"column":17},"end":{"line":30,"column":41}},"21":{"start":{"line":31,"column":4},"end":{"line":31,"column":59}},"22":{"start":{"line":32,"column":4},"end":{"line":32,"column":22}},"23":{"start":{"line":34,"column":18},"end":{"line":34,"column":42}},"24":{"start":{"line":35,"column":4},"end":{"line":35,"column":83}},"25":{"start":{"line":39,"column":0},"end":{"line":63,"column":3}},"26":{"start":{"line":40,"column":20},"end":{"line":40,"column":49}},"27":{"start":{"line":41,"column":4},"end":{"line":41,"column":69}},"28":{"start":{"line":41,"column":15},"end":{"line":41,"column":69}},"29":{"start":{"line":43,"column":15},"end":{"line":43,"column":58}},"30":{"start":{"line":44,"column":4},"end":{"line":49,"column":5}},"31":{"start":{"line":45,"column":22},"end":{"line":47,"column":9}},"32":{"start":{"line":48,"column":8},"end":{"line":48,"column":45}},"33":{"start":{"line":51,"column":26},"end":{"line":51,"column":80}},"34":{"start":{"line":52,"column":4},"end":{"line":57,"column":5}},"35":{"start":{"line":53,"column":22},"end":{"line":55,"column":9}},"36":{"start":{"line":56,"column":8},"end":{"line":56,"column":45}},"37":{"start":{"line":58,"column":22},"end":{"line":60,"column":5}},"38":{"start":{"line":61,"column":4},"end":{"line":61,"column":24}},"39":{"start":{"line":65,"column":0},"end":{"line":69,"column":3}},"40":{"start":{"line":66,"column":17},"end":{"line":66,"column":75}},"41":{"start":{"line":67,"column":4},"end":{"line":67,"column":70}},"42":{"start":{"line":67,"column":15},"end":{"line":67,"column":70}},"43":{"start":{"line":68,"column":4},"end":{"line":68,"column":19}},"44":{"start":{"line":71,"column":0},"end":{"line":101,"column":3}},"45":{"start":{"line":73,"column":20},"end":{"line":73,"column":50}},"46":{"start":{"line":74,"column":4},"end":{"line":74,"column":69}},"47":{"start":{"line":74,"column":15},"end":{"line":74,"column":69}},"48":{"start":{"line":76,"column":15},"end":{"line":76,"column":58}},"49":{"start":{"line":78,"column":4},"end":{"line":83,"column":5}},"50":{"start":{"line":79,"column":22},"end":{"line":81,"column":9}},"51":{"start":{"line":82,"column":8},"end":{"line":82,"column":45}},"52":{"start":{"line":85,"column":4},"end":{"line":92,"column":6}},"53":{"start":{"line":94,"column":4},"end":{"line":94,"column":88}},"54":{"start":{"line":94,"column":15},"end":{"line":94,"column":88}},"55":{"start":{"line":96,"column":4},"end":{"line":96,"column":19}},"56":{"start":{"line":103,"column":0},"end":{"line":103,"column":24}}},"fnMap":{"0":{"name":"(anonymous_0)","decl":{"start":{"line":11,"column":16},"end":{"line":11,"column":17}},"loc":{"start":{"line":11,"column":33},"end":{"line":14,"column":1}},"line":11},"1":{"name":"(anonymous_1)","decl":{"start":{"line":16,"column":25},"end":{"line":16,"column":26}},"loc":{"start":{"line":16,"column":43},"end":{"line":37,"column":1}},"line":16},"2":{"name":"(anonymous_2)","decl":{"start":{"line":39,"column":22},"end":{"line":39,"column":23}},"loc":{"start":{"line":39,"column":40},"end":{"line":63,"column":1}},"line":39},"3":{"name":"(anonymous_3)","decl":{"start":{"line":65,"column":34},"end":{"line":65,"column":35}},"loc":{"start":{"line":65,"column":51},"end":{"line":69,"column":1}},"line":65},"4":{"name":"(anonymous_4)","decl":{"start":{"line":71,"column":37},"end":{"line":71,"column":38}},"loc":{"start":{"line":71,"column":54},"end":{"line":101,"column":1}},"line":71}},"branchMap":{"0":{"loc":{"start":{"line":18,"column":4},"end":{"line":18,"column":69}},"type":"if","locations":[{"start":{"line":18,"column":4},"end":{"line":18,"column":69}},{"start":{},"end":{}}],"line":18},"1":{"loc":{"start":{"line":21,"column":4},"end":{"line":26,"column":5}},"type":"if","locations":[{"start":{"line":21,"column":4},"end":{"line":26,"column":5}},{"start":{},"end":{}}],"line":21},"2":{"loc":{"start":{"line":41,"column":4},"end":{"line":41,"column":69}},"type":"if","locations":[{"start":{"line":41,"column":4},"end":{"line":41,"column":69}},{"start":{},"end":{}}],"line":41},"3":{"loc":{"start":{"line":44,"column":4},"end":{"line":49,"column":5}},"type":"if","locations":[{"start":{"line":44,"column":4},"end":{"line":49,"column":5}},{"start":{},"end":{}}],"line":44},"4":{"loc":{"start":{"line":52,"column":4},"end":{"line":57,"column":5}},"type":"if","locations":[{"start":{"line":52,"column":4},"end":{"line":57,"column":5}},{"start":{},"end":{}}],"line":52},"5":{"loc":{"start":{"line":67,"column":4},"end":{"line":67,"column":70}},"type":"if","locations":[{"start":{"line":67,"column":4},"end":{"line":67,"column":70}},{"start":{},"end":{}}],"line":67},"6":{"loc":{"start":{"line":74,"column":4},"end":{"line":74,"column":69}},"type":"if","locations":[{"start":{"line":74,"column":4},"end":{"line":74,"column":69}},{"start":{},"end":{}}],"line":74},"7":{"loc":{"start":{"line":78,"column":4},"end":{"line":83,"column":5}},"type":"if","locations":[{"start":{"line":78,"column":4},"end":{"line":83,"column":5}},{"start":{},"end":{}}],"line":78},"8":{"loc":{"start":{"line":78,"column":8},"end":{"line":78,"column":40}},"type":"binary-expr","locations":[{"start":{"line":78,"column":8},"end":{"line":78,"column":12}},{"start":{"line":78,"column":16},"end":{"line":78,"column":40}}],"line":78},"9":{"loc":{"start":{"line":94,"column":4},"end":{"line":94,"column":88}},"type":"if","locations":[{"start":{"line":94,"column":4},"end":{"line":94,"column":88}},{"start":{},"end":{}}],"line":94}},"s":{"0":3,"1":3,"2":3,"3":3,"4":3,"5":3,"6":3,"7":3,"8":3,"9":1,"10":1,"11":3,"12":6,"13":6,"14":3,"15":3,"16":3,"17":1,"18":1,"19":2,"20":2,"21":2,"22":2,"23":2,"24":2,"25":3,"26":6,"27":6,"28":2,"29":4,"30":4,"31":1,"32":1,"33":3,"34":3,"35":1,"36":1,"37":2,"38":2,"39":3,"40":3,"41":3,"42":1,"43":2,"44":3,"45":0,"46":0,"47":0,"48":0,"49":0,"50":0,"51":0,"52":0,"53":0,"54":0,"55":0,"56":3},"f":{"0":1,"1":6,"2":6,"3":3,"4":0},"b":{"0":[3,3],"1":[1,2],"2":[2,4],"3":[1,3],"4":[1,2],"5":[1,2],"6":[0,0],"7":[0,0],"8":[0,0],"9":[0,0]},"_coverageSchema":"1a1c01bbd47fc00a2c39e90264f33305004495a9","hash":"79c0a4aa924ec677310b6576d347a1fbeec3569e"}
,"/home/Sarah/Desktop/flutter/flutter project/Backend/startup/config.js": {"path":"/home/Sarah/Desktop/flutter/flutter project/Backend/startup/config.js","statementMap":{"0":{"start":{"line":1,"column":15},"end":{"line":1,"column":32}},"1":{"start":{"line":3,"column":0},"end":{"line":7,"column":1}},"2":{"start":{"line":4,"column":2},"end":{"line":6,"column":3}},"3":{"start":{"line":5,"column":4},"end":{"line":5,"column":66}}},"fnMap":{"0":{"name":"(anonymous_0)","decl":{"start":{"line":3,"column":17},"end":{"line":3,"column":18}},"loc":{"start":{"line":3,"column":28},"end":{"line":7,"column":1}},"line":3}},"branchMap":{"0":{"loc":{"start":{"line":4,"column":2},"end":{"line":6,"column":3}},"type":"if","locations":[{"start":{"line":4,"column":2},"end":{"line":6,"column":3}},{"start":{},"end":{}}],"line":4}},"s":{"0":3,"1":3,"2":3,"3":0},"f":{"0":3},"b":{"0":[0,3]},"_coverageSchema":"1a1c01bbd47fc00a2c39e90264f33305004495a9","hash":"a83ff3f4e725e3c23d68b368079223a94eebb4cb"}
,"/home/Sarah/Desktop/flutter/flutter project/Backend/startup/db.js": {"path":"/home/Sarah/Desktop/flutter/flutter project/Backend/startup/db.js","statementMap":{"0":{"start":{"line":1,"column":16},"end":{"line":1,"column":34}},"1":{"start":{"line":2,"column":17},"end":{"line":2,"column":36}},"2":{"start":{"line":3,"column":15},"end":{"line":3,"column":32}},"3":{"start":{"line":4,"column":25},"end":{"line":8,"column":1}},"4":{"start":{"line":9,"column":15},"end":{"line":9,"column":53}},"5":{"start":{"line":11,"column":0},"end":{"line":15,"column":1}},"6":{"start":{"line":12,"column":15},"end":{"line":12,"column":31}},"7":{"start":{"line":13,"column":4},"end":{"line":14,"column":55}},"8":{"start":{"line":14,"column":16},"end":{"line":14,"column":53}}},"fnMap":{"0":{"name":"(anonymous_0)","decl":{"start":{"line":11,"column":17},"end":{"line":11,"column":18}},"loc":{"start":{"line":11,"column":28},"end":{"line":15,"column":1}},"line":11},"1":{"name":"(anonymous_1)","decl":{"start":{"line":14,"column":10},"end":{"line":14,"column":11}},"loc":{"start":{"line":14,"column":16},"end":{"line":14,"column":53}},"line":14}},"branchMap":{},"s":{"0":3,"1":3,"2":3,"3":3,"4":3,"5":3,"6":3,"7":3,"8":3},"f":{"0":3,"1":3},"b":{},"_coverageSchema":"1a1c01bbd47fc00a2c39e90264f33305004495a9","hash":"2751dea43e7645c3c77e744869f1fd925ce8fe03"}
,"/home/Sarah/Desktop/flutter/flutter project/Backend/startup/logging.js": {"path":"/home/Sarah/Desktop/flutter/flutter project/Backend/startup/logging.js","statementMap":{"0":{"start":{"line":1,"column":16},"end":{"line":1,"column":34}},"1":{"start":{"line":3,"column":0},"end":{"line":3,"column":32}},"2":{"start":{"line":4,"column":25},"end":{"line":8,"column":1}},"3":{"start":{"line":9,"column":15},"end":{"line":9,"column":53}},"4":{"start":{"line":11,"column":0},"end":{"line":32,"column":1}},"5":{"start":{"line":12,"column":2},"end":{"line":14,"column":73}},"6":{"start":{"line":16,"column":2},"end":{"line":20,"column":5}},"7":{"start":{"line":17,"column":4},"end":{"line":19,"column":7}},"8":{"start":{"line":18,"column":6},"end":{"line":18,"column":22}},"9":{"start":{"line":22,"column":0},"end":{"line":24,"column":4}}},"fnMap":{"0":{"name":"(anonymous_0)","decl":{"start":{"line":11,"column":17},"end":{"line":11,"column":18}},"loc":{"start":{"line":11,"column":28},"end":{"line":32,"column":1}},"line":11},"1":{"name":"(anonymous_1)","decl":{"start":{"line":16,"column":35},"end":{"line":16,"column":36}},"loc":{"start":{"line":16,"column":43},"end":{"line":20,"column":3}},"line":16},"2":{"name":"(anonymous_2)","decl":{"start":{"line":17,"column":48},"end":{"line":17,"column":49}},"loc":{"start":{"line":17,"column":58},"end":{"line":19,"column":5}},"line":17}},"branchMap":{},"s":{"0":3,"1":3,"2":3,"3":3,"4":3,"5":3,"6":3,"7":0,"8":0,"9":3},"f":{"0":3,"1":0,"2":0},"b":{},"_coverageSchema":"1a1c01bbd47fc00a2c39e90264f33305004495a9","hash":"e9748b765289906d5b7d448ff2b26ecdf01862c0"}
,"/home/Sarah/Desktop/flutter/flutter project/Backend/startup/routes.js": {"path":"/home/Sarah/Desktop/flutter/flutter project/Backend/startup/routes.js","statementMap":{"0":{"start":{"line":1,"column":16},"end":{"line":1,"column":34}},"1":{"start":{"line":2,"column":14},"end":{"line":2,"column":45}},"2":{"start":{"line":3,"column":18},"end":{"line":3,"column":53}},"3":{"start":{"line":4,"column":16},"end":{"line":4,"column":49}},"4":{"start":{"line":5,"column":14},"end":{"line":5,"column":44}},"5":{"start":{"line":7,"column":0},"end":{"line":13,"column":1}},"6":{"start":{"line":8,"column":2},"end":{"line":8,"column":26}},"7":{"start":{"line":9,"column":2},"end":{"line":9,"column":31}},"8":{"start":{"line":10,"column":2},"end":{"line":10,"column":39}},"9":{"start":{"line":11,"column":2},"end":{"line":11,"column":35}},"10":{"start":{"line":12,"column":2},"end":{"line":12,"column":17}}},"fnMap":{"0":{"name":"(anonymous_0)","decl":{"start":{"line":7,"column":17},"end":{"line":7,"column":18}},"loc":{"start":{"line":7,"column":31},"end":{"line":13,"column":1}},"line":7}},"branchMap":{},"s":{"0":3,"1":3,"2":3,"3":3,"4":3,"5":3,"6":3,"7":3,"8":3,"9":3,"10":3},"f":{"0":3},"b":{},"_coverageSchema":"1a1c01bbd47fc00a2c39e90264f33305004495a9","hash":"ba39d7e24cb31cc2eaf2b21da593de96e7c488ef"}
,"/home/Sarah/Desktop/flutter/flutter project/Backend/startup/validation.js": {"path":"/home/Sarah/Desktop/flutter/flutter project/Backend/startup/validation.js","statementMap":{"0":{"start":{"line":1,"column":12},"end":{"line":1,"column":26}},"1":{"start":{"line":3,"column":0},"end":{"line":5,"column":1}},"2":{"start":{"line":4,"column":2},"end":{"line":4,"column":46}}},"fnMap":{"0":{"name":"(anonymous_0)","decl":{"start":{"line":3,"column":17},"end":{"line":3,"column":18}},"loc":{"start":{"line":3,"column":28},"end":{"line":5,"column":1}},"line":3}},"branchMap":{},"s":{"0":3,"1":3,"2":3},"f":{"0":3},"b":{},"_coverageSchema":"1a1c01bbd47fc00a2c39e90264f33305004495a9","hash":"7d18a3c431aa88b17ac5f02eb0b4383f7381db90"}
}
