TN:
SF:index.js
FN:24,(anonymous_0)
FNF:1
FNH:1
FNDA:3,(anonymous_0)
DA:1,3
DA:2,3
DA:3,3
DA:5,3
DA:6,3
DA:7,3
DA:8,3
DA:9,3
DA:10,3
DA:15,3
DA:22,3
DA:24,3
DA:28,3
LF:13
LH:13
BRDA:22,0,0,3
BRDA:22,0,1,3
BRF:2
BRH:2
end_of_record
TN:
SF:middleware/authorization.js
FN:4,(anonymous_0)
FNF:1
FNH:1
FNDA:21,(anonymous_0)
DA:1,4
DA:2,4
DA:4,4
DA:5,21
DA:6,21
DA:8,17
DA:9,17
DA:10,15
DA:11,15
DA:14,2
LF:10
LH:10
BRDA:6,0,0,4
BRDA:6,0,1,17
BRF:2
BRH:2
end_of_record
TN:
SF:middleware/error.js
FN:3,(anonymous_0)
FNF:1
FNH:0
FNDA:0,(anonymous_0)
DA:1,3
DA:3,3
DA:5,0
DA:13,0
LF:4
LH:2
BRF:0
BRH:0
end_of_record
TN:
SF:middleware/validateObjectId.js
FN:3,(anonymous_0)
FNF:1
FNH:1
FNDA:6,(anonymous_0)
DA:1,3
DA:3,3
DA:4,6
DA:5,1
DA:6,5
LF:5
LH:5
BRDA:4,0,0,1
BRDA:4,0,1,5
BRF:2
BRH:2
end_of_record
TN:
SF:models/answer_model.js
FN:32,validateAnswer
FNF:1
FNH:0
FNDA:0,validateAnswer
DA:1,3
DA:2,3
DA:5,3
DA:30,3
DA:33,0
DA:36,0
DA:39,3
DA:40,3
LF:8
LH:6
BRF:0
BRH:0
end_of_record
TN:
SF:models/question_model.js
FN:41,validateQuestion
FNF:1
FNH:1
FNDA:7,validateQuestion
DA:1,3
DA:2,3
DA:5,3
DA:39,3
DA:42,7
DA:47,7
DA:50,3
DA:51,3
LF:8
LH:8
BRF:0
BRH:0
end_of_record
TN:
SF:models/user_model.js
FN:32,(anonymous_0)
FN:40,validateUserRegister
FN:48,validateUserLogging
FNF:3
FNH:3
FNDA:30,(anonymous_0)
FNDA:6,validateUserRegister
FNDA:6,validateUserLogging
DA:1,5
DA:2,5
DA:4,5
DA:5,5
DA:7,5
DA:32,5
DA:33,30
DA:34,30
DA:38,5
DA:41,6
DA:46,6
DA:49,6
DA:53,6
DA:56,5
DA:57,5
DA:58,5
LF:16
LH:16
BRF:0
BRH:0
end_of_record
TN:
SF:routes/answer_route.js
FN:12,(anonymous_0)
FN:27,(anonymous_1)
FN:55,(anonymous_2)
FN:85,(anonymous_3)
FN:110,isValidObjectId
FNF:5
FNH:0
FNDA:0,(anonymous_0)
FNDA:0,(anonymous_1)
FNDA:0,(anonymous_2)
FNDA:0,(anonymous_3)
FNDA:0,isValidObjectId
DA:1,3
DA:2,3
DA:4,3
DA:5,3
DA:6,3
DA:8,3
DA:9,3
DA:10,3
DA:12,3
DA:13,0
DA:15,0
DA:16,0
DA:18,0
DA:19,0
DA:20,0
DA:21,0
DA:22,0
DA:24,0
DA:27,3
DA:28,0
DA:30,0
DA:31,0
DA:33,0
DA:34,0
DA:35,0
DA:38,0
DA:41,0
DA:46,0
DA:48,0
DA:49,0
DA:51,0
DA:55,3
DA:56,0
DA:58,0
DA:59,0
DA:60,0
DA:63,0
DA:66,0
DA:68,0
DA:70,0
DA:71,0
DA:72,0
DA:73,0
DA:75,0
DA:76,0
DA:79,0
DA:82,0
DA:85,3
DA:86,0
DA:87,0
DA:89,0
DA:90,0
DA:92,0
DA:93,0
DA:95,0
DA:96,0
DA:97,0
DA:98,0
DA:100,0
DA:102,0
DA:103,0
DA:106,0
DA:111,0
DA:112,0
DA:113,0
DA:114,0
DA:116,0
DA:120,3
LF:68
LH:13
BRDA:13,0,0,0
BRDA:13,0,1,0
BRDA:16,1,0,0
BRDA:16,1,1,0
BRDA:28,2,0,0
BRDA:28,2,1,0
BRDA:31,3,0,0
BRDA:31,3,1,0
BRDA:34,4,0,0
BRDA:34,4,1,0
BRDA:56,5,0,0
BRDA:56,5,1,0
BRDA:59,6,0,0
BRDA:59,6,1,0
BRDA:68,7,0,0
BRDA:68,7,1,0
BRDA:70,8,0,0
BRDA:70,8,1,0
BRDA:86,9,0,0
BRDA:86,9,1,0
BRDA:87,10,0,0
BRDA:87,10,1,0
BRDA:90,11,0,0
BRDA:90,11,1,0
BRDA:93,12,0,0
BRDA:93,12,1,0
BRDA:95,13,0,0
BRDA:95,13,1,0
BRDA:97,14,0,0
BRDA:97,14,1,0
BRDA:111,15,0,0
BRDA:111,15,1,0
BRDA:112,16,0,0
BRDA:112,16,1,0
BRF:34
BRH:0
end_of_record
TN:
SF:routes/question_route.js
FN:12,(anonymous_0)
FN:17,(anonymous_1)
FN:40,(anonymous_2)
FN:68,(anonymous_3)
FNF:4
FNH:3
FNDA:1,(anonymous_0)
FNDA:7,(anonymous_1)
FNDA:0,(anonymous_2)
FNDA:4,(anonymous_3)
DA:1,3
DA:2,3
DA:3,3
DA:4,3
DA:5,3
DA:6,3
DA:7,3
DA:9,3
DA:10,3
DA:12,3
DA:13,1
DA:14,1
DA:17,3
DA:18,7
DA:20,7
DA:21,4
DA:24,4
DA:27,3
DA:34,3
DA:36,3
DA:40,3
DA:42,0
DA:43,0
DA:44,0
DA:47,0
DA:50,0
DA:51,0
DA:53,0
DA:54,0
DA:55,0
DA:56,0
DA:58,0
DA:59,0
DA:62,0
DA:65,0
DA:68,3
DA:70,4
DA:72,4
DA:74,3
DA:75,2
DA:76,2
DA:79,1
DA:84,3
LF:43
LH:29
BRDA:20,0,0,4
BRDA:20,0,1,3
BRDA:43,1,0,0
BRDA:43,1,1,0
BRDA:51,2,0,0
BRDA:51,2,1,0
BRDA:53,3,0,0
BRDA:53,3,1,0
BRDA:72,4,0,1
BRDA:72,4,1,3
BRDA:74,5,0,2
BRDA:74,5,1,1
BRDA:74,6,0,3
BRDA:74,6,1,2
BRF:14
BRH:8
end_of_record
TN:
SF:routes/user_route.js
FN:11,(anonymous_0)
FN:16,(anonymous_1)
FN:39,(anonymous_2)
FN:65,(anonymous_3)
FN:71,(anonymous_4)
FNF:5
FNH:4
FNDA:1,(anonymous_0)
FNDA:6,(anonymous_1)
FNDA:6,(anonymous_2)
FNDA:3,(anonymous_3)
FNDA:0,(anonymous_4)
DA:1,3
DA:2,3
DA:3,3
DA:4,3
DA:5,3
DA:6,3
DA:7,3
DA:8,3
DA:11,3
DA:12,1
DA:13,1
DA:16,3
DA:17,6
DA:18,6
DA:20,3
DA:21,3
DA:22,1
DA:25,1
DA:28,2
DA:30,2
DA:31,2
DA:32,2
DA:34,2
DA:35,2
DA:39,3
DA:40,6
DA:41,6
DA:43,4
DA:44,4
DA:45,1
DA:48,1
DA:51,3
DA:52,3
DA:53,1
DA:56,1
DA:58,2
DA:61,2
DA:65,3
DA:66,3
DA:67,3
DA:68,2
DA:71,3
DA:73,0
DA:74,0
DA:76,0
DA:78,0
DA:79,0
DA:82,0
DA:85,0
DA:94,0
DA:96,0
DA:103,3
LF:52
LH:43
BRDA:18,0,0,3
BRDA:18,0,1,3
BRDA:21,1,0,1
BRDA:21,1,1,2
BRDA:41,2,0,2
BRDA:41,2,1,4
BRDA:44,3,0,1
BRDA:44,3,1,3
BRDA:52,4,0,1
BRDA:52,4,1,2
BRDA:67,5,0,1
BRDA:67,5,1,2
BRDA:74,6,0,0
BRDA:74,6,1,0
BRDA:78,7,0,0
BRDA:78,7,1,0
BRDA:78,8,0,0
BRDA:78,8,1,0
BRDA:94,9,0,0
BRDA:94,9,1,0
BRF:20
BRH:12
end_of_record
TN:
SF:startup/config.js
FN:3,(anonymous_0)
FNF:1
FNH:1
FNDA:3,(anonymous_0)
DA:1,3
DA:3,3
DA:4,3
DA:5,0
LF:4
LH:3
BRDA:4,0,0,0
BRDA:4,0,1,3
BRF:2
BRH:1
end_of_record
TN:
SF:startup/db.js
FN:11,(anonymous_0)
FN:14,(anonymous_1)
FNF:2
FNH:2
FNDA:3,(anonymous_0)
FNDA:3,(anonymous_1)
DA:1,3
DA:2,3
DA:3,3
DA:4,3
DA:9,3
DA:11,3
DA:12,3
DA:13,3
DA:14,3
LF:9
LH:9
BRF:0
BRH:0
end_of_record
TN:
SF:startup/logging.js
FN:11,(anonymous_0)
FN:16,(anonymous_1)
FN:17,(anonymous_2)
FNF:3
FNH:1
FNDA:3,(anonymous_0)
FNDA:0,(anonymous_1)
FNDA:0,(anonymous_2)
DA:1,3
DA:3,3
DA:4,3
DA:9,3
DA:11,3
DA:12,3
DA:16,3
DA:17,0
DA:18,0
DA:22,3
LF:10
LH:8
BRF:0
BRH:0
end_of_record
TN:
SF:startup/routes.js
FN:7,(anonymous_0)
FNF:1
FNH:1
FNDA:3,(anonymous_0)
DA:1,3
DA:2,3
DA:3,3
DA:4,3
DA:5,3
DA:7,3
DA:8,3
DA:9,3
DA:10,3
DA:11,3
DA:12,3
LF:11
LH:11
BRF:0
BRH:0
end_of_record
TN:
SF:startup/validation.js
FN:3,(anonymous_0)
FNF:1
FNH:1
FNDA:3,(anonymous_0)
DA:1,3
DA:3,3
DA:4,3
LF:3
LH:3
BRF:0
BRH:0
end_of_record
